<?xml version="1.0" encoding="UTF-8"?>
<!-- Generated by org.testng.reporters.JUnitXMLReporter -->
<testsuite ignored="0" hostname="AH4000236LT" failures="0" tests="6" name="Test " time="24.9" errors="0" timestamp="2023-09-14T19:15:28 BST">
  <testcase classname="workingwithTestNg.TC_Oppo_001" name="openingVivo" time="4.549"/>
  <testcase classname="workingwithTestNg.TestCase_005" name="sheinwebsite" time="7.499"/>
  <testcase classname="workingwithTestNg.TestCase_004" name="uber" time="3.654"/>
  <testcase classname="workingwithTestNg.TestCase_003" name="openingacttime" time="3.387"/>
  <testcase classname="workingwithTestNg.TestCase_002" name="shopperstack" time="2.718"/>
  <testcase classname="workingwithTestNg.TestCase_001" name="demoworkshop" time="3.037"/>
</testsuite> <!-- Test  -->
