<?xml version="1.0" encoding="UTF-8"?>
<!-- Generated by org.testng.reporters.JUnitXMLReporter -->
<testsuite ignored="0" hostname="AH4000236LT" failures="0" tests="6" name="Test" time="18.515" errors="0" timestamp="2023-09-14T19:17:22 BST">
  <testcase classname="workingwithTestNg.TestCase_003" name="openingacttime" time="10.362"/>
  <testcase classname="workingwithTestNg.TestCase_004" name="uber" time="10.754"/>
  <testcase classname="workingwithTestNg.TestCase_002" name="shopperstack" time="10.875"/>
  <testcase classname="workingwithTestNg.TC_Oppo_001" name="openingVivo" time="14.119"/>
  <testcase classname="workingwithTestNg.TestCase_001" name="demoworkshop" time="4.214"/>
  <testcase classname="workingwithTestNg.TestCase_005" name="sheinwebsite" time="18.406"/>
</testsuite> <!-- Test -->
